1623269474152:help
1623269506294:a ""olich
1623269561948:b
1623269775134:a "h"
1623269776502:b
1623270503239:a "b"
1623270505655:b
1623270619516:a "f"
1623270621082:b
1623270712840:a "s"
1623270714405:b
1623270814218:a "d"
1623270815228:b
1623271364987:a "g"
1623271366304:b
1623271779316:a "a"
1623271784387:b
1623272013070:a "a"
1623272014172:b
1623272060633:a "a"
1623272062047:b
1623272160250:a ""
1623272165584:a "f"
1623272167151:b
1623272198466:a "a"
1623272199899:b
1623272318722:a "a"
1623272320180:b
1623272489583:a "a"
1623272491284:b
1623272590174:a "a"
1623272592109:b
1623272722084:a :a:
1623272724212:b
1623272817483:a "a"
1623272819102:b
1623272929817:a "a"
1623272930913:b
1623272975904:gac
1623272982797:gac 1
1623274637668:a "a"
1623274639485:b
1623331137979:a "d"
1623331148256:gac 1
1623331304556:a "a"
1623331310950:gac 1
1623331387290:del-b 1
1623331392447:b
1623331423395:cc 1 "sdg"
1623331426225:b
1623331440607:gac 1
1623331455427:cc 2 "afsg"
1623331460670:gac 2
1623331498229:add- b "dfgh" "dfgdf" "Fantasy"
1623331534810:add-b "sdgs" "sdgsg" "Fantasy"
1623331546541:b
1623331629625:a "s"
1623331647070:add-b "sdgdfh" "dfdfh" "Fantasy"
1623331762948:a "a"
1623331776237:add-b "sdg" "sdgsg" "sdgsg"
1623331965135:a "a'"
1623331976750:add-b "fdf" "dfdf" "fddf"
1623331990153:stacktrace
1623332383704:a "a"
1623332394338:add-b "sg" "sdgsg" "sdgdfg"
1623332456286:stacktrce
1623332464207:stacktrace
1623332504820:add-b "sdgg" "sdgsg" "sdgsg"
1623332509793:stacktrace
1623332842029:a "a"
1623332856155:add-b "sgs" "sdgfsg" "sdfs"
1623332962246:a "a'\n"
1623332972880:add-b "asf" "asff" "aff"
1623332980054:stacktrace
1623333063714:a "a"
1623333072973:add-b "sdgsg" "fsdg" "sdgsdg"
1623333080002:stacktrace
1623333324774:a "a"
1623333332798:add-b "sdg" "sdf" "sdf"
1623333351264:stacktrace
1623333428069:a "a"
1623333436562:add-b "sdg" "sdg" "sdg"
1623334001551:a "s"
1623334013179:add-b "sdg" "sdg" "sdg"
1623334017677:b
